0 info it worked if it ends with ok
1 verbose cli [ '/Users/Nerazzurri/.nvm/versions/node/v4.0.0/bin/node',
1 verbose cli   '/Users/Nerazzurri/.nvm/versions/node/v4.0.0/bin/npm',
1 verbose cli   'start' ]
2 info using npm@2.14.2
3 info using node@v4.0.0
4 verbose run-script [ 'prestart', 'start', 'poststart' ]
5 info prestart AwesomeProject@0.0.1
6 info start AwesomeProject@0.0.1
7 verbose unsafe-perm in lifecycle true
8 info AwesomeProject@0.0.1 Failed to exec start script
9 verbose stack Error: AwesomeProject@0.0.1 start: `node_modules/react-native/packager/packager.sh`
9 verbose stack spawn ENOENT
9 verbose stack     at ChildProcess.<anonymous> (/Users/Nerazzurri/.nvm/versions/node/v4.0.0/lib/node_modules/npm/lib/utils/spawn.js:17:16)
9 verbose stack     at emitTwo (events.js:87:13)
9 verbose stack     at ChildProcess.emit (events.js:172:7)
9 verbose stack     at maybeClose (internal/child_process.js:817:16)
9 verbose stack     at Process.ChildProcess._handle.onexit (internal/child_process.js:211:5)
10 verbose pkgid AwesomeProject@0.0.1
11 verbose cwd /Users/Nerazzurri/Desktop/Github/MakersquareCoursework/murmur-mobile
12 error Darwin 14.5.0
13 error argv "/Users/Nerazzurri/.nvm/versions/node/v4.0.0/bin/node" "/Users/Nerazzurri/.nvm/versions/node/v4.0.0/bin/npm" "start"
14 error node v4.0.0
15 error npm  v2.14.2
16 error file sh
17 error code ELIFECYCLE
18 error errno ENOENT
19 error syscall spawn
20 error AwesomeProject@0.0.1 start: `node_modules/react-native/packager/packager.sh`
20 error spawn ENOENT
21 error Failed at the AwesomeProject@0.0.1 start script 'node_modules/react-native/packager/packager.sh'.
21 error This is most likely a problem with the AwesomeProject package,
21 error not with npm itself.
21 error Tell the author that this fails on your system:
21 error     node_modules/react-native/packager/packager.sh
21 error You can get their info via:
21 error     npm owner ls AwesomeProject
21 error There is likely additional logging output above.
22 verbose exit [ 1, true ]
